{
  "stats": {
    "suites": 1,
    "tests": 3,
    "passes": 3,
    "pending": 0,
    "failures": 0,
    "start": "2022-08-22T08:56:16.640Z",
    "end": "2022-08-22T08:57:39.124Z",
    "duration": 82484,
    "testsRegistered": 3,
    "passPercent": 100,
    "pendingPercent": 0,
    "other": 0,
    "hasOther": false,
    "skipped": 0,
    "hasSkipped": false
  },
  "results": [
    {
      "uuid": "15be31aa-173f-486f-a747-cd7e27b107d4",
      "title": "",
      "fullFile": "cypress/integration/demo-test.spec.ts",
      "file": "cypress/integration/demo-test.spec.ts",
      "beforeHooks": [],
      "afterHooks": [],
      "tests": [],
      "suites": [
        {
          "uuid": "dcab052e-1e65-41ee-8a76-15bb4092c0b6",
          "title": "Securrency DApp Demo Tests",
          "fullFile": "",
          "file": "",
          "beforeHooks": [],
          "afterHooks": [],
          "tests": [
            {
              "title": "Verify Header: Connected State",
              "fullTitle": "Securrency DApp Demo Tests Verify Header: Connected State",
              "timedOut": null,
              "duration": 13085,
              "state": "passed",
              "speed": "slow",
              "pass": true,
              "fail": false,
              "pending": false,
              "context": null,
              "code": "// Verify Header is visible\nhomePage.getHeader().should(\"be.visible\");\n// Verify Home Button is visible and has a link\nhomePage.getHomeButton().should(\"be.visible\");\nhomePage.getHomeButton().should(\"have.attr\", testData_1.attributes.href);\n// Verify Home Button Image is visible and has src attribute\nhomePage.getHomeButtonImage().should(\"be.visible\");\nhomePage.getHomeButtonImage().should(\"have.attr\", testData_1.attributes.src);\n// Verify \"add citizen\" button is vsisible, enabled and has correct text\nhomePage.getAddCitizenButton().should(\"be.visible\");\nhomePage.getAddCitizenButton().should(\"be.enabled\");\nhomePage\n    .getAddCitizenButton()\n    .should(\"have.text\", testData_1.expectedTexts.addCitizenButtonText);\n// Verify wallet address is input is displayed and is read only\nhomePage.getWalletAddressField().should(\"be.visible\");\nhomePage.getWalletAddressField().should(\"have.attr\", testData_1.attributes.readonly);",
              "err": {},
              "uuid": "bcfb5700-16bb-4001-9dcf-0755c07f2886",
              "parentUUID": "dcab052e-1e65-41ee-8a76-15bb4092c0b6",
              "isHook": false,
              "skipped": false
            },
            {
              "title": "Verify \"Citizens List\" Table Default Layout",
              "fullTitle": "Securrency DApp Demo Tests Verify \"Citizens List\" Table Default Layout",
              "timedOut": null,
              "duration": 745,
              "state": "passed",
              "speed": "fast",
              "pass": true,
              "fail": false,
              "pending": false,
              "context": null,
              "code": "// Verify \"Citizens List\" table header text is displayed and has correct text\nhomePage.getCitizensListText().should(\"be.visible\");\nhomePage\n    .getCitizensListText()\n    .should(\"have.text\", testData_1.expectedTexts.citizensListText);\n// Verify \"total records : {number}\" table header text is displayed\nhomePage.getTableResultsText().should(\"be.visible\");\nhomePage\n    .getTableResultsText()\n    .should(\"contain.text\", testData_1.expectedTexts.totalRecordsText);\n// Verify Table Column Titles are correctly displayed\nhomePage\n    .getTableHeaderColumnValue1()\n    .should(\"have.text\", testData_1.expectedTexts.tableHeaderColumnText1);\nhomePage\n    .getTableHeaderColumnValue2()\n    .should(\"have.text\", testData_1.expectedTexts.tableHeaderColumnText2);\nhomePage\n    .getTableHeaderColumnValue3()\n    .should(\"have.text\", testData_1.expectedTexts.tableHeaderColumnText3);\nhomePage\n    .getTableHeaderColumnValue4()\n    .should(\"have.text\", testData_1.expectedTexts.tableHeaderColumnText4);\n// Verify \"Citizens List\" Table is visible\nhomePage.getCitizensTable().should(\"be.visible\");\n// Verify \"Citizens List\" table has 5 items loaded on one page\nhomePage\n    .getCitizensTableBody()\n    .find(\".css-0\")\n    .its(\"length\")\n    .should(\"eq\", 5);\n// Verify \"Citizens List\" table pagination default state\nhomePage.getPaginationBar().should(\"be.visible\");\nhomePage.getFirstPaginationButton().should(\"have.text\", 1);\nhomePage.getFirstPaginationButton().should(\"have.class\", \"css-1nb9743\");\nhomePage.getSecondPaginationButton().should(\"have.text\", 2);\nhomePage.getSecondPaginationButton().should(\"have.class\", \"css-n1k2ji\");\nhomePage.getThirdPaginationButton().should(\"have.text\", 3);\nhomePage.getThirdPaginationButton().should(\"have.class\", \"css-n1k2ji\");\nhomePage.getNextPaginationButton().should(\"be.visible\");\nhomePage.getSkipToLastPaginationButton().should(\"be.visible\");",
              "err": {},
              "uuid": "c9d0335a-bee6-43ae-a17b-3755800d82e5",
              "parentUUID": "dcab052e-1e65-41ee-8a76-15bb4092c0b6",
              "isHook": false,
              "skipped": false
            },
            {
              "title": "Verify Add Citizen Functionality",
              "fullTitle": "Securrency DApp Demo Tests Verify Add Citizen Functionality",
              "timedOut": null,
              "duration": 32076,
              "state": "passed",
              "speed": "slow",
              "pass": true,
              "fail": false,
              "pending": false,
              "context": null,
              "code": "// Go to Add Citizen Page\nhomePage.getAddCitizenButton().click();\ncy.url().should(\"contain\", \"add-citizen\");\n// Input all the required data, click \"Add Citizen\" button\naddCitizenPage.nameInputFieldType(testData_1.inputTexts.name);\naddCitizenPage.ageInputFieldType(testData_1.inputTexts.age);\naddCitizenPage.cityInputFieldType(testData_1.inputTexts.city);\naddCitizenPage.noteInputFieldType(testData_1.inputTexts.note);\naddCitizenPage.clickAddCitizenButton();\n// Confirm Metamask Transaction\ncy.confirmMetamaskTransaction();\n// Wait for loading to finish, verify the success pop-up appears\naddCitizenPage.getLoadingStateButton().should(\"not.exist\");\naddCitizenPage.getAddCitizenSuccessPopUp().should(\"be.visible\");\n// Confirm data is correctly published\naddCitizenSuccessPage.getName().should(\"have.text\", testData_1.inputTexts.name);\naddCitizenSuccessPage.getAge().should(\"have.text\", testData_1.inputTexts.age);\naddCitizenSuccessPage.getNote().should(\"have.text\", testData_1.inputTexts.note);",
              "err": {},
              "uuid": "2c8c19a0-58b5-4eae-9220-ab8b6dddcbf9",
              "parentUUID": "dcab052e-1e65-41ee-8a76-15bb4092c0b6",
              "isHook": false,
              "skipped": false
            }
          ],
          "suites": [],
          "passes": [
            "bcfb5700-16bb-4001-9dcf-0755c07f2886",
            "c9d0335a-bee6-43ae-a17b-3755800d82e5",
            "2c8c19a0-58b5-4eae-9220-ab8b6dddcbf9"
          ],
          "failures": [],
          "pending": [],
          "skipped": [],
          "duration": 45906,
          "root": false,
          "rootEmpty": false,
          "_timeout": 2000
        }
      ],
      "passes": [],
      "failures": [],
      "pending": [],
      "skipped": [],
      "duration": 0,
      "root": true,
      "rootEmpty": true,
      "_timeout": 2000
    }
  ],
  "meta": {
    "mocha": {
      "version": "7.0.1"
    },
    "mochawesome": {
      "options": {
        "quiet": false,
        "reportFilename": "mochawesome",
        "saveHtml": false,
        "saveJson": true,
        "consoleReporter": "spec",
        "useInlineDiffs": false,
        "code": true
      },
      "version": "7.1.3"
    },
    "marge": {
      "options": {
        "reportDir": "report_files",
        "overwrite": false,
        "html": false,
        "json": true
      },
      "version": "6.2.0"
    }
  }
}